<?xml version="1.0" encoding="UTF-8"?>
<!-- Generated by org.testng.reporters.JUnitReportReporter -->
<testsuite hostname="DESKTOP-09IB0QD" failures="0" tests="1" name="com.selenium.code.TestNGDemo.ReadPropertiesfile.TestExample" time="19.039" errors="0" timestamp="2023-06-10T19:33:26 IST" skipped="0">
  <testcase classname="com.selenium.code.TestNGDemo.ReadPropertiesfile.TestExample" name="test1" time="19.039"/>
  <system-out/>
</testsuite> <!-- com.selenium.code.TestNGDemo.ReadPropertiesfile.TestExample -->
