<?xml version="1.0" encoding="UTF-8"?>
<!-- Generated by org.testng.reporters.JUnitReportReporter -->
<testsuite hostname="DESKTOP-09IB0QD" failures="0" tests="3" name="com.selenium.code.TestNGDemo.annotationsAttributes.TestCaseGroupAttributes" time="0.035" errors="0" timestamp="2023-06-12T12:49:00 IST" skipped="0">
  <testcase classname="com.selenium.code.TestNGDemo.annotationsAttributes.TestCaseGroupAttributes" name="shvinTech" time="0.018"/>
  <system-out/>
  <testcase classname="com.selenium.code.TestNGDemo.annotationsAttributes.TestCaseGroupAttributes" name="wipro" time="0.014"/>
  <system-out/>
  <testcase classname="com.selenium.code.TestNGDemo.annotationsAttributes.TestCaseGroupAttributes" name="infosys" time="0.003"/>
  <system-out/>
</testsuite> <!-- com.selenium.code.TestNGDemo.annotationsAttributes.TestCaseGroupAttributes -->
