<?xml version="1.0" encoding="UTF-8"?>
<!-- Generated by org.testng.reporters.JUnitReportReporter -->
<testsuite hostname="DESKTOP-09IB0QD" failures="0" tests="2" name="com.selenium.code.TestNGDemo.base.TestExample" time="0.020" errors="0" timestamp="2023-06-16T12:51:57 IST" skipped="0">
  <testcase classname="com.selenium.code.TestNGDemo.base.TestExample" name="test2" time="0.016"/>
  <system-out/>
  <testcase classname="com.selenium.code.TestNGDemo.base.TestExample" name="test1" time="0.004"/>
  <system-out/>
</testsuite> <!-- com.selenium.code.TestNGDemo.base.TestExample -->
