<?xml version="1.0" encoding="UTF-8"?>
<!-- Generated by org.testng.reporters.JUnitReportReporter -->
<testsuite hostname="DESKTOP-09IB0QD" failures="0" tests="3" name="com.selenium.code.TestNGDemo.batchTesting.ProductPageTest" time="0.016" errors="0" timestamp="2023-06-16T13:23:13 IST" skipped="0">
  <testcase classname="com.selenium.code.TestNGDemo.batchTesting.ProductPageTest" name="addProductToWishList" time="0.009"/>
  <system-out/>
  <testcase classname="com.selenium.code.TestNGDemo.batchTesting.ProductPageTest" name="addProductToCart" time="0.005"/>
  <system-out/>
  <testcase classname="com.selenium.code.TestNGDemo.batchTesting.ProductPageTest" name="selectQuantity" time="0.002"/>
  <system-out/>
</testsuite> <!-- com.selenium.code.TestNGDemo.batchTesting.ProductPageTest -->
