<?xml version="1.0" encoding="UTF-8"?>
<!-- Generated by org.testng.reporters.JUnitReportReporter -->
<testsuite hostname="DESKTOP-09IB0QD" failures="0" tests="1" name="com.selenium.code.TestNGDemo.annotations.TestCase2" time="0.033" errors="0" timestamp="2023-06-14T17:44:01 IST" skipped="0">
  <testcase classname="com.selenium.code.TestNGDemo.annotations.TestCase2" name="test" time="0.033"/>
  <system-out/>
</testsuite> <!-- com.selenium.code.TestNGDemo.annotations.TestCase2 -->
