<?xml version="1.0" encoding="UTF-8"?>
<!-- Generated by org.testng.reporters.JUnitReportReporter -->
<testsuite hostname="DESKTOP-09IB0QD" failures="0" tests="1" name="com.selenium.code.TestNGDemo.parameters.Non_IT_Company" time="0.003" errors="0" timestamp="2023-06-12T12:53:07 IST" skipped="0">
  <testcase classname="com.selenium.code.TestNGDemo.parameters.Non_IT_Company" name="getName" time="0.003"/>
  <system-out/>
</testsuite> <!-- com.selenium.code.TestNGDemo.parameters.Non_IT_Company -->
