<?xml version="1.0" encoding="UTF-8"?>
<!-- Generated by org.testng.reporters.JUnitReportReporter -->
<testsuite hostname="DESKTOP-09IB0QD" failures="0" tests="1" name="com.selenium.code.TestNGDemo.BrowserHeadless.ChromeBrowserHeadlessTesting" time="20.042" errors="0" timestamp="2023-06-09T17:58:02 IST" skipped="0">
  <testcase classname="com.selenium.code.TestNGDemo.BrowserHeadless.ChromeBrowserHeadlessTesting" name="testChromeBrowserHeadless" time="20.042"/>
  <system-out/>
</testsuite> <!-- com.selenium.code.TestNGDemo.BrowserHeadless.ChromeBrowserHeadlessTesting -->
