<?xml version="1.0" encoding="UTF-8"?>
<!-- Generated by org.testng.reporters.JUnitReportReporter -->
<testsuite hostname="DESKTOP-09IB0QD" failures="0" tests="1" name="com.selenium.code.TestNGDemo.ReportersLogs.ReporterExample2" time="19.759" errors="0" timestamp="2023-06-13T20:35:35 IST" skipped="0">
  <testcase classname="com.selenium.code.TestNGDemo.ReportersLogs.ReporterExample2" name="setUp" time="19.759"/>
  <system-out>
    <![CDATA[Before launching chrome browser
After launching chrome browser
after open google web page
find the searchBox element
Enter the India Gate
Enter the Key-Enter
Before quit the browser]]>
  </system-out>
</testsuite> <!-- com.selenium.code.TestNGDemo.ReportersLogs.ReporterExample2 -->
