<?xml version="1.0" encoding="UTF-8"?>
<!-- Generated by org.testng.reporters.JUnitReportReporter -->
<testsuite hostname="DESKTOP-09IB0QD" failures="0" tests="5" name="com.selenium.code.TestNGDemo.ReportersLogs.ReporterExample1" time="0.026" errors="0" timestamp="2023-06-13T20:35:35 IST" skipped="0">
  <testcase classname="com.selenium.code.TestNGDemo.ReportersLogs.ReporterExample1" name="test1" time="0.002"/>
  <system-out/>
  <testcase classname="com.selenium.code.TestNGDemo.ReportersLogs.ReporterExample1" name="test2" time="0.001"/>
  <system-out/>
  <testcase classname="com.selenium.code.TestNGDemo.ReportersLogs.ReporterExample1" name="test3" time="0.003"/>
  <system-out/>
  <testcase classname="com.selenium.code.TestNGDemo.ReportersLogs.ReporterExample1" name="test4" time="0.011"/>
  <system-out/>
  <testcase classname="com.selenium.code.TestNGDemo.ReportersLogs.ReporterExample1" name="test5" time="0.009"/>
  <system-out/>
</testsuite> <!-- com.selenium.code.TestNGDemo.ReportersLogs.ReporterExample1 -->
