<?xml version="1.0" encoding="UTF-8"?>
<!-- Generated by org.testng.reporters.JUnitReportReporter -->
<testsuite hostname="DESKTOP-09IB0QD" failures="0" tests="2" name="com.selenium.code.TestNGDemo.batchTesting.PaymentTest" time="0.012" errors="0" timestamp="2023-06-16T13:23:13 IST" skipped="0">
  <testcase classname="com.selenium.code.TestNGDemo.batchTesting.PaymentTest" name="cashOnDelivery" time="0.003"/>
  <system-out/>
  <testcase classname="com.selenium.code.TestNGDemo.batchTesting.PaymentTest" name="netBanking" time="0.009"/>
  <system-out/>
</testsuite> <!-- com.selenium.code.TestNGDemo.batchTesting.PaymentTest -->
