<?xml version="1.0" encoding="UTF-8"?>
<!-- Generated by org.testng.reporters.JUnitReportReporter -->
<testsuite hostname="DESKTOP-09IB0QD" failures="0" tests="2" name="com.selenium.code.TestNGDemo.batchTesting.LoginTest" time="0.023" errors="0" timestamp="2023-06-16T13:23:13 IST" skipped="0">
  <testcase classname="com.selenium.code.TestNGDemo.batchTesting.LoginTest" name="logByMobileNumbers" time="0.013"/>
  <system-out/>
  <testcase classname="com.selenium.code.TestNGDemo.batchTesting.LoginTest" name="logByEmail" time="0.010"/>
  <system-out/>
</testsuite> <!-- com.selenium.code.TestNGDemo.batchTesting.LoginTest -->
