<?xml version="1.0" encoding="UTF-8"?>
<!-- Generated by org.testng.reporters.JUnitReportReporter -->
<testsuite hostname="DESKTOP-09IB0QD" failures="0" tests="2" name="com.selenium.code.TestNGDemo.parrellelTesting.ParallelTest3" time="30.983" errors="0" timestamp="2023-06-13T18:30:43 IST" skipped="0">
  <testcase classname="com.selenium.code.TestNGDemo.parrellelTesting.ParallelTest3" name="verifyCurrentUrl" time="17.525"/>
  <system-out/>
  <testcase classname="com.selenium.code.TestNGDemo.parrellelTesting.ParallelTest3" name="verifyTitle" time="13.458"/>
  <system-out/>
</testsuite> <!-- com.selenium.code.TestNGDemo.parrellelTesting.ParallelTest3 -->
