<?xml version="1.0" encoding="UTF-8"?>
<!-- Generated by org.testng.reporters.JUnitReportReporter -->
<testsuite hostname="DESKTOP-09IB0QD" failures="0" tests="1" name="com.selenium.code.TestNGDemo.annotationsAttributes.TestCase" time="0.022" errors="0" timestamp="2023-06-16T13:19:37 IST" skipped="0">
  <testcase classname="com.selenium.code.TestNGDemo.annotationsAttributes.TestCase" name="test3" time="0.022"/>
  <system-out/>
</testsuite> <!-- com.selenium.code.TestNGDemo.annotationsAttributes.TestCase -->
