<?xml version="1.0" encoding="UTF-8"?>
<!-- Generated by org.testng.reporters.JUnitReportReporter -->
<testsuite hostname="DESKTOP-09IB0QD" failures="0" tests="1" name="com.selenium.code.TestNGDemo.BrowserHeadless.FirefoxBrowserHeadless" time="22.034" errors="0" timestamp="2023-06-09T17:35:22 IST" skipped="0">
  <testcase classname="com.selenium.code.TestNGDemo.BrowserHeadless.FirefoxBrowserHeadless" name="testfirefoxBrowserHeadless" time="22.034"/>
  <system-out/>
</testsuite> <!-- com.selenium.code.TestNGDemo.BrowserHeadless.FirefoxBrowserHeadless -->
