<?xml version="1.0" encoding="UTF-8"?>
<!-- Generated by org.testng.reporters.JUnitReportReporter -->
<testsuite hostname="DESKTOP-09IB0QD" failures="0" tests="4" name="com.selenium.code.TestNGDemo.parameters.TestNGParameterDemo" time="0.045" errors="0" timestamp="2023-06-12T17:30:55 IST" skipped="0">
  <testcase classname="com.selenium.code.TestNGDemo.parameters.TestNGParameterDemo" name="multiply" time="0.010"/>
  <system-out/>
  <testcase classname="com.selenium.code.TestNGDemo.parameters.TestNGParameterDemo" name="divide" time="0.009"/>
  <system-out/>
  <testcase classname="com.selenium.code.TestNGDemo.parameters.TestNGParameterDemo" name="sub" time="0.008"/>
  <system-out/>
  <testcase classname="com.selenium.code.TestNGDemo.parameters.TestNGParameterDemo" name="add" time="0.018"/>
  <system-out/>
</testsuite> <!-- com.selenium.code.TestNGDemo.parameters.TestNGParameterDemo -->
