<?xml version="1.0" encoding="UTF-8"?>
<!-- Generated by org.testng.reporters.JUnitReportReporter -->
<testsuite hostname="DESKTOP-09IB0QD" failures="0" tests="1" name="com.selenium.code.TestNGDemo.Log4jDemo" time="0.019" errors="0" timestamp="2023-06-06T15:38:20 IST" skipped="0">
  <testcase classname="com.selenium.code.TestNGDemo.Log4jDemo" name="test1" time="0.019"/>
  <system-out/>
</testsuite> <!-- com.selenium.code.TestNGDemo.Log4jDemo -->
