<?xml version="1.0" encoding="UTF-8"?>
<!-- Generated by org.testng.reporters.JUnitReportReporter -->
<testsuite hostname="DESKTOP-09IB0QD" failures="0" tests="3" name="com.selenium.code.TestNGDemo.crossBrowsers.CrossBroweserTesting" time="112.752" errors="0" timestamp="2023-06-16T13:41:08 IST" skipped="0">
  <testcase classname="com.selenium.code.TestNGDemo.crossBrowsers.CrossBroweserTesting" name="loginPage" time="36.857"/>
  <system-out/>
  <testcase classname="com.selenium.code.TestNGDemo.crossBrowsers.CrossBroweserTesting" name="loginPage" time="34.074"/>
  <system-out/>
  <testcase classname="com.selenium.code.TestNGDemo.crossBrowsers.CrossBroweserTesting" name="loginPage" time="41.821"/>
  <system-out/>
</testsuite> <!-- com.selenium.code.TestNGDemo.crossBrowsers.CrossBroweserTesting -->
