<?xml version="1.0" encoding="UTF-8"?>
<!-- Generated by org.testng.reporters.JUnitReportReporter -->
<testsuite hostname="DESKTOP-09IB0QD" failures="0" tests="6" name="com.selenium.code.TestNGDemo.invocationCount.InvocationCountDemo" time="0.053" errors="0" timestamp="2023-06-13T20:33:41 IST" skipped="0">
  <testcase classname="com.selenium.code.TestNGDemo.invocationCount.InvocationCountDemo" name="test1" time="0.004"/>
  <system-out/>
  <testcase classname="com.selenium.code.TestNGDemo.invocationCount.InvocationCountDemo" name="test2" time="0.003"/>
  <system-out/>
  <testcase classname="com.selenium.code.TestNGDemo.invocationCount.InvocationCountDemo" name="test1" time="0.021"/>
  <system-out/>
  <testcase classname="com.selenium.code.TestNGDemo.invocationCount.InvocationCountDemo" name="test1" time="0.007"/>
  <system-out/>
  <testcase classname="com.selenium.code.TestNGDemo.invocationCount.InvocationCountDemo" name="test1" time="0.005"/>
  <system-out/>
  <testcase classname="com.selenium.code.TestNGDemo.invocationCount.InvocationCountDemo" name="test1" time="0.013"/>
  <system-out/>
</testsuite> <!-- com.selenium.code.TestNGDemo.invocationCount.InvocationCountDemo -->
