<?xml version="1.0" encoding="UTF-8"?>
<!-- Generated by org.testng.reporters.JUnitReportReporter -->
<testsuite hostname="DESKTOP-09IB0QD" failures="0" tests="1" name="com.selenium.code.TestNGDemo.xml.log4J.Log4JClassDemo" time="0.032" errors="0" timestamp="2023-06-06T15:58:27 IST" skipped="0">
  <testcase classname="com.selenium.code.TestNGDemo.xml.log4J.Log4JClassDemo" name="test" time="0.032"/>
  <system-out/>
</testsuite> <!-- com.selenium.code.TestNGDemo.xml.log4J.Log4JClassDemo -->
