<?xml version="1.0" encoding="UTF-8"?>
<!-- Generated by org.testng.reporters.JUnitReportReporter -->
<testsuite hostname="DESKTOP-09IB0QD" failures="0" tests="1" name="com.selenium.code.TestNGDemo.base.TestNGWizardDemo" time="0.013" errors="0" timestamp="2023-06-04T18:11:40 IST" skipped="0">
  <testcase classname="com.selenium.code.TestNGDemo.base.TestNGWizardDemo" name="f" time="0.013"/>
  <system-out/>
</testsuite> <!-- com.selenium.code.TestNGDemo.base.TestNGWizardDemo -->
