<?xml version="1.0" encoding="UTF-8"?>
<!-- Generated by org.testng.reporters.JUnitReportReporter -->
<testsuite hostname="DESKTOP-09IB0QD" failures="0" tests="3" name="com.selenium.code.TestNGDemo.dataProvider.DataProviderDemo" time="46.491" errors="0" timestamp="2023-06-12T17:37:55 IST" skipped="0">
  <testcase classname="com.selenium.code.TestNGDemo.dataProvider.DataProviderDemo" name="doGoogleSearch" time="15.440"/>
  <system-out/>
  <testcase classname="com.selenium.code.TestNGDemo.dataProvider.DataProviderDemo" name="doGoogleSearch" time="12.547"/>
  <system-out/>
  <testcase classname="com.selenium.code.TestNGDemo.dataProvider.DataProviderDemo" name="doGoogleSearch" time="18.504"/>
  <system-out/>
</testsuite> <!-- com.selenium.code.TestNGDemo.dataProvider.DataProviderDemo -->
