<?xml version="1.0" encoding="UTF-8"?>
<!-- Generated by org.testng.reporters.JUnitReportReporter -->
<testsuite hostname="DESKTOP-09IB0QD" failures="0" tests="3" name="com.selenium.code.TestNGDemo.batchTesting.HomeScreenTest" time="0.040" errors="0" timestamp="2023-06-16T13:23:13 IST" skipped="0">
  <testcase classname="com.selenium.code.TestNGDemo.batchTesting.HomeScreenTest" name="verifyTitle" time="0.017"/>
  <system-out/>
  <testcase classname="com.selenium.code.TestNGDemo.batchTesting.HomeScreenTest" name="verifyLogo" time="0.005"/>
  <system-out/>
  <testcase classname="com.selenium.code.TestNGDemo.batchTesting.HomeScreenTest" name="launchApplication" time="0.018"/>
  <system-out/>
</testsuite> <!-- com.selenium.code.TestNGDemo.batchTesting.HomeScreenTest -->
