<?xml version="1.0" encoding="UTF-8"?>
<!-- Generated by org.testng.reporters.JUnitReportReporter -->
<testsuite hostname="DESKTOP-09IB0QD" failures="0" tests="5" name="com.selenium.code.TestNGDemo.excludeInclude.LoanDepartment" time="0.042" errors="0" timestamp="2023-06-05T13:21:37 IST" skipped="1">
  <testcase classname="com.selenium.code.TestNGDemo.excludeInclude.LoanDepartment" name="mobileLoginPersonalLoan" time="0.004"/>
  <system-out/>
  <testcase classname="com.selenium.code.TestNGDemo.excludeInclude.LoanDepartment" name="webLoginAuttomobileLoan" time="0.005"/>
  <system-out/>
  <testcase classname="com.selenium.code.TestNGDemo.excludeInclude.LoanDepartment" name="apiLoginPersonalLoan" time="0.009"/>
  <system-out/>
  <testcase classname="com.selenium.code.TestNGDemo.excludeInclude.LoanDepartment" name="apiLoginAutomobileLoan" time="0.024"/>
  <system-out/>
  <testcase classname="com.selenium.code.TestNGDemo.excludeInclude.LoanDepartment" name="webLoginPersonalLoan">
    <skipped/>
  </testcase> <!-- webLoginPersonalLoan -->
  <system-out/>
</testsuite> <!-- com.selenium.code.TestNGDemo.excludeInclude.LoanDepartment -->
