<?xml version="1.0" encoding="UTF-8"?>
<!-- Generated by org.testng.reporters.JUnitReportReporter -->
<testsuite hostname="DESKTOP-09IB0QD" failures="0" tests="2" name="com.selenium.code.TestNGDemo.xml.CurrentAcTestClass2" time="0.014" errors="0" timestamp="2023-06-16T13:36:04 IST" skipped="0">
  <testcase classname="com.selenium.code.TestNGDemo.xml.CurrentAcTestClass2" name="test1" time="0.009"/>
  <system-out/>
  <testcase classname="com.selenium.code.TestNGDemo.xml.CurrentAcTestClass2" name="test2" time="0.005"/>
  <system-out/>
</testsuite> <!-- com.selenium.code.TestNGDemo.xml.CurrentAcTestClass2 -->
