<?xml version="1.0" encoding="UTF-8"?>
<!-- Generated by org.testng.reporters.JUnitReportReporter -->
<testsuite hostname="DESKTOP-09IB0QD" failures="0" tests="3" name="com.selenium.code.TestNGDemo.crossBrowsers.CrossBrowseDemo" time="91.131" errors="0" timestamp="2023-06-12T13:13:34 IST" skipped="0">
  <testcase classname="com.selenium.code.TestNGDemo.crossBrowsers.CrossBrowseDemo" name="veriFyTitle" time="28.469"/>
  <system-out/>
  <testcase classname="com.selenium.code.TestNGDemo.crossBrowsers.CrossBrowseDemo" name="veriFyTitle" time="27.560"/>
  <system-out/>
  <testcase classname="com.selenium.code.TestNGDemo.crossBrowsers.CrossBrowseDemo" name="veriFyTitle" time="35.102"/>
  <system-out/>
</testsuite> <!-- com.selenium.code.TestNGDemo.crossBrowsers.CrossBrowseDemo -->
