<?xml version="1.0" encoding="UTF-8"?>
<!-- Generated by org.testng.reporters.JUnitReportReporter -->
<testsuite hostname="DESKTOP-09IB0QD" failures="0" tests="1" name="com.selenium.code.TestNGDemo.Facebook.FBDemo" time="57.152" errors="0" timestamp="2023-06-16T18:33:24 IST" skipped="0">
  <testcase classname="com.selenium.code.TestNGDemo.Facebook.FBDemo" name="loginFaceBook" time="57.152"/>
  <system-out/>
</testsuite> <!-- com.selenium.code.TestNGDemo.Facebook.FBDemo -->
