<?xml version="1.0" encoding="UTF-8"?>
<!-- Generated by org.testng.reporters.JUnitReportReporter -->
<testsuite hostname="DESKTOP-09IB0QD" failures="0" tests="1" name="com.selenium.code.liberty.TC_1" time="85.895" errors="0" timestamp="2023-06-21T15:30:28 IST" skipped="0">
  <testcase classname="com.selenium.code.liberty.TC_1" name="test" time="85.895"/>
  <system-out/>
</testsuite> <!-- com.selenium.code.liberty.TC_1 -->
