<?xml version="1.0" encoding="UTF-8"?>
<!-- Generated by org.testng.reporters.JUnitReportReporter -->
<testsuite hostname="DESKTOP-09IB0QD" failures="0" tests="2" name="com.selenium.code.TestNGDemo.parameters.TestngParameterGoogleSearch" time="25.344" errors="0" timestamp="2023-06-16T13:30:35 IST" skipped="0">
  <testcase classname="com.selenium.code.TestNGDemo.parameters.TestngParameterGoogleSearch" name="doGoogleSearch" time="13.761"/>
  <system-out/>
  <testcase classname="com.selenium.code.TestNGDemo.parameters.TestngParameterGoogleSearch" name="doGoogleSearch" time="11.583"/>
  <system-out/>
</testsuite> <!-- com.selenium.code.TestNGDemo.parameters.TestngParameterGoogleSearch -->
